<?xml version="1.0" encoding="UTF-8"?>
<!-- Generated by org.testng.reporters.JUnitReportReporter -->
<testsuite hostname="DESKTOP-HFLOAGK" failures="0" tests="2" name="com.herokuapp.tests.MultipleWindowsTest" time="12.387" errors="0" timestamp="2024-04-21T23:05:11 CEST" skipped="0">
  <testcase classname="com.herokuapp.tests.MultipleWindowsTest" name="OpeningNewWindow" time="6.351"/>
  <testcase classname="com.herokuapp.tests.MultipleWindowsTest" name="NewWindowsTest" time="6.036"/>
</testsuite> <!-- com.herokuapp.tests.MultipleWindowsTest -->
